<?xml version="1.0" encoding="UTF-8"?>
<!-- Generated by org.testng.reporters.JUnitReportReporter -->
<testsuite hostname="DESKTOP-62S4S9D" failures="0" tests="1" name="DemoqaTest" time="4.974" errors="0" timestamp="2025-01-20T05:18:56 MSK" skipped="0">
  <testcase classname="DemoqaTest" name="test" time="4.974"/>
</testsuite> <!-- DemoqaTest -->
